<?xml version="1.0" encoding="UTF-8"?>
<testsuite name="Linux-g++"
	tests="99"
	failures="0"
	disabled="0"
	skipped="0"
	hostname="608c2039b6c0"
	time="5"
	timestamp="2026-07-30T03:00:13"
	>
	<testcase name="ICU ScriptRun" classname="ICU ScriptRun" time="0.0302408" status="run">
		<properties/>
		<system-out>Filters: ICU ScriptRun
===============================================================================
All tests passed (17 assertions in 1 test case)

</system-out>
	</testcase>
	<testcase name="AlternatingIterator tests" classname="AlternatingIterator tests" time="0.0280403" status="run">
		<properties/>
		<system-out>Filters: AlternatingIterator tests
===============================================================================
All tests passed (15 assertions in 1 test case)

</system-out>
	</testcase>
	<testcase name="SetBitIterator tests" classname="SetBitIterator tests" time="0.0273443" status="run">
		<properties/>
		<system-out>Filters: SetBitIterator tests
===============================================================================
All tests passed (6 assertions in 1 test case)

</system-out>
	</testcase>
	<testcase name="EnumOverOptimisation_BoundsCheck" classname="EnumOverOptimisation_BoundsCheck" time="0.0272771" status="run">
		<properties/>
		<system-out>Filters: EnumOverOptimisation_BoundsCheck
===============================================================================
All tests passed (2 assertions in 1 test case)

</system-out>
	</testcase>
	<testcase name="EnumOverOptimisation_Bitmask" classname="EnumOverOptimisation_Bitmask" time="0.026831" status="run">
		<properties/>
		<system-out>Filters: EnumOverOptimisation_Bitmask
===============================================================================
All tests passed (2 assertions in 1 test case)

</system-out>
	</testcase>
	<testcase name="FlatSet - basic" classname="FlatSet - basic" time="0.0268831" status="run">
		<properties/>
		<system-out>Filters: FlatSet - basic
===============================================================================
All tests passed (31 assertions in 1 test case)

</system-out>
	</testcase>
	<testcase name="History Rotation and Reporting tests" classname="History Rotation and Reporting tests" time="0.0261626" status="run">
		<properties/>
		<system-out>Filters: History Rotation and Reporting tests
===============================================================================
All tests passed (86 assertions in 1 test case)

</system-out>
	</testcase>
	<testcase name="PartialPixelSlopeAdditionTest - A one corner slope, plus the opposite three corner slope results in a flat but elevated slope" classname="PartialPixelSlopeAdditionTest - A one corner slope, plus the opposite three corner slope results in a flat but elevated slope" time="0.0275254" status="run">
		<properties/>
		<system-out>Filters: PartialPixelSlopeAdditionTest - A one corner slope\, plus the opposite three corner slope results in a flat but elevated slope
===============================================================================
All tests passed (4 assertions in 1 test case)

</system-out>
	</testcase>
	<testcase name="PartialPixelSlopeAdditionTest - Diagonal slopes with their opposite slope result in a flat but elevated slope" classname="PartialPixelSlopeAdditionTest - Diagonal slopes with their opposite slope result in a flat but elevated slope" time="0.027272" status="run">
		<properties/>
		<system-out>Filters: PartialPixelSlopeAdditionTest - Diagonal slopes with their opposite slope result in a flat but elevated slope
===============================================================================
All tests passed (2 assertions in 1 test case)

</system-out>
	</testcase>
	<testcase name="PartialPixelSlopeAdditionTest - Half tile slopes with their opposite half tile slope result in a flat but elevated slope" classname="PartialPixelSlopeAdditionTest - Half tile slopes with their opposite half tile slope result in a flat but elevated slope" time="0.0268015" status="run">
		<properties/>
		<system-out>Filters: PartialPixelSlopeAdditionTest - Half tile slopes with their opposite half tile slope result in a flat but elevated slope
===============================================================================
All tests passed (2 assertions in 1 test case)

</system-out>
	</testcase>
	<testcase name="PartialPixelSlopeAdditionTest - Two opposite one corner slopes result in the two corner slope with opposite corners" classname="PartialPixelSlopeAdditionTest - Two opposite one corner slopes result in the two corner slope with opposite corners" time="0.0262088" status="run">
		<properties/>
		<system-out>Filters: PartialPixelSlopeAdditionTest - Two opposite one corner slopes result in the two corner slope with opposite corners
===============================================================================
All tests passed (2 assertions in 1 test case)

</system-out>
	</testcase>
	<testcase name="PartialPixelSlopeAdditionTest - A steep slope is a one corner slope on top of a three corner slope" classname="PartialPixelSlopeAdditionTest - A steep slope is a one corner slope on top of a three corner slope" time="0.0275695" status="run">
		<properties/>
		<system-out>Filters: PartialPixelSlopeAdditionTest - A steep slope is a one corner slope on top of a three corner slope
===============================================================================
All tests passed (4 assertions in 1 test case)

</system-out>
	</testcase>
	<testcase name="PartialPixelSlopeAdditionTest - A half tile steep slope is a one corner half tile on top of a three corner slope" classname="PartialPixelSlopeAdditionTest - A half tile steep slope is a one corner half tile on top of a three corner slope" time="0.0281687" status="run">
		<properties/>
		<system-out>Filters: PartialPixelSlopeAdditionTest - A half tile steep slope is a one corner half tile on top of a three corner slope
===============================================================================
All tests passed (4 assertions in 1 test case)

</system-out>
	</testcase>
	<testcase name="PartialPixelTest - One corner up slopes - SLOPE_N" classname="PartialPixelTest - One corner up slopes - SLOPE_N" time="0.0257902" status="run">
		<properties/>
		<system-out>Filters: PartialPixelTest - One corner up slopes - SLOPE_N
===============================================================================
All tests passed (1 assertion in 1 test case)

</system-out>
	</testcase>
	<testcase name="PartialPixelTest - One corner up slopes - SLOPE_E" classname="PartialPixelTest - One corner up slopes - SLOPE_E" time="0.0280082" status="run">
		<properties/>
		<system-out>Filters: PartialPixelTest - One corner up slopes - SLOPE_E
===============================================================================
All tests passed (1 assertion in 1 test case)

</system-out>
	</testcase>
	<testcase name="PartialPixelTest - One corner up slopes - SLOPE_S" classname="PartialPixelTest - One corner up slopes - SLOPE_S" time="0.0272659" status="run">
		<properties/>
		<system-out>Filters: PartialPixelTest - One corner up slopes - SLOPE_S
===============================================================================
All tests passed (1 assertion in 1 test case)

</system-out>
	</testcase>
	<testcase name="PartialPixelTest - One corner up slopes - SLOPE_W" classname="PartialPixelTest - One corner up slopes - SLOPE_W" time="0.0269018" status="run">
		<properties/>
		<system-out>Filters: PartialPixelTest - One corner up slopes - SLOPE_W
===============================================================================
All tests passed (1 assertion in 1 test case)

</system-out>
	</testcase>
	<testcase name="PartialPixelTest - Two corner up, diagonal slopes - SLOPE_NE" classname="PartialPixelTest - Two corner up, diagonal slopes - SLOPE_NE" time="0.0277663" status="run">
		<properties/>
		<system-out>Filters: PartialPixelTest - Two corner up\, diagonal slopes - SLOPE_NE
===============================================================================
All tests passed (1 assertion in 1 test case)

</system-out>
	</testcase>
	<testcase name="PartialPixelTest - Two corner up, diagonal slopes - SLOPE_SE" classname="PartialPixelTest - Two corner up, diagonal slopes - SLOPE_SE" time="0.0273863" status="run">
		<properties/>
		<system-out>Filters: PartialPixelTest - Two corner up\, diagonal slopes - SLOPE_SE
===============================================================================
All tests passed (1 assertion in 1 test case)

</system-out>
	</testcase>
	<testcase name="PartialPixelTest - Two corner up, diagonal slopes - SLOPE_SW" classname="PartialPixelTest - Two corner up, diagonal slopes - SLOPE_SW" time="0.0274851" status="run">
		<properties/>
		<system-out>Filters: PartialPixelTest - Two corner up\, diagonal slopes - SLOPE_SW
===============================================================================
All tests passed (1 assertion in 1 test case)

</system-out>
	</testcase>
	<testcase name="PartialPixelTest - Two corner up, diagonal slopes - SLOPE_NW" classname="PartialPixelTest - Two corner up, diagonal slopes - SLOPE_NW" time="0.0267516" status="run">
		<properties/>
		<system-out>Filters: PartialPixelTest - Two corner up\, diagonal slopes - SLOPE_NW
===============================================================================
All tests passed (1 assertion in 1 test case)

</system-out>
	</testcase>
	<testcase name="PartialPixelTest - Two opposite corner up slopes - SLOPE_NS" classname="PartialPixelTest - Two opposite corner up slopes - SLOPE_NS" time="0.0269177" status="run">
		<properties/>
		<system-out>Filters: PartialPixelTest - Two opposite corner up slopes - SLOPE_NS
===============================================================================
All tests passed (1 assertion in 1 test case)

</system-out>
	</testcase>
	<testcase name="PartialPixelTest - Two opposite corner up slopes - SLOPE_EW" classname="PartialPixelTest - Two opposite corner up slopes - SLOPE_EW" time="0.026238" status="run">
		<properties/>
		<system-out>Filters: PartialPixelTest - Two opposite corner up slopes - SLOPE_EW
===============================================================================
All tests passed (1 assertion in 1 test case)

</system-out>
	</testcase>
	<testcase name="PartialPixelTest - Three corner up slopes - SLOPE_ENW" classname="PartialPixelTest - Three corner up slopes - SLOPE_ENW" time="0.0255491" status="run">
		<properties/>
		<system-out>Filters: PartialPixelTest - Three corner up slopes - SLOPE_ENW
===============================================================================
All tests passed (1 assertion in 1 test case)

</system-out>
	</testcase>
	<testcase name="PartialPixelTest - Three corner up slopes - SLOPE_SEN" classname="PartialPixelTest - Three corner up slopes - SLOPE_SEN" time="0.0254481" status="run">
		<properties/>
		<system-out>Filters: PartialPixelTest - Three corner up slopes - SLOPE_SEN
===============================================================================
All tests passed (1 assertion in 1 test case)

</system-out>
	</testcase>
	<testcase name="PartialPixelTest - Three corner up slopes - SLOPE_WSE" classname="PartialPixelTest - Three corner up slopes - SLOPE_WSE" time="0.0267467" status="run">
		<properties/>
		<system-out>Filters: PartialPixelTest - Three corner up slopes - SLOPE_WSE
===============================================================================
All tests passed (1 assertion in 1 test case)

</system-out>
	</testcase>
	<testcase name="PartialPixelTest - Three corner up slopes - SLOPE_NWS" classname="PartialPixelTest - Three corner up slopes - SLOPE_NWS" time="0.0257709" status="run">
		<properties/>
		<system-out>Filters: PartialPixelTest - Three corner up slopes - SLOPE_NWS
===============================================================================
All tests passed (1 assertion in 1 test case)

</system-out>
	</testcase>
	<testcase name="PartialPixelTest - Normal half tile slopes - SLOPE_N/Corner::N" classname="PartialPixelTest - Normal half tile slopes - SLOPE_N/Corner::N" time="0.0251665" status="run">
		<properties/>
		<system-out>Filters: PartialPixelTest - Normal half tile slopes - SLOPE_N/Corner::N
===============================================================================
All tests passed (1 assertion in 1 test case)

</system-out>
	</testcase>
	<testcase name="PartialPixelTest - Normal half tile slopes - SLOPE_E/Corner::E" classname="PartialPixelTest - Normal half tile slopes - SLOPE_E/Corner::E" time="0.0261419" status="run">
		<properties/>
		<system-out>Filters: PartialPixelTest - Normal half tile slopes - SLOPE_E/Corner::E
===============================================================================
All tests passed (1 assertion in 1 test case)

</system-out>
	</testcase>
	<testcase name="PartialPixelTest - Normal half tile slopes - SLOPE_S/Corner::S" classname="PartialPixelTest - Normal half tile slopes - SLOPE_S/Corner::S" time="0.0271295" status="run">
		<properties/>
		<system-out>Filters: PartialPixelTest - Normal half tile slopes - SLOPE_S/Corner::S
===============================================================================
All tests passed (1 assertion in 1 test case)

</system-out>
	</testcase>
	<testcase name="PartialPixelTest - Normal half tile slopes - SLOPE_W/Corner::W" classname="PartialPixelTest - Normal half tile slopes - SLOPE_W/Corner::W" time="0.0264402" status="run">
		<properties/>
		<system-out>Filters: PartialPixelTest - Normal half tile slopes - SLOPE_W/Corner::W
===============================================================================
All tests passed (1 assertion in 1 test case)

</system-out>
	</testcase>
	<testcase name="PartialPixelTest - Steep slopes - SLOPE_STEEP_N" classname="PartialPixelTest - Steep slopes - SLOPE_STEEP_N" time="0.02587" status="run">
		<properties/>
		<system-out>Filters: PartialPixelTest - Steep slopes - SLOPE_STEEP_N
===============================================================================
All tests passed (1 assertion in 1 test case)

</system-out>
	</testcase>
	<testcase name="PartialPixelTest - Steep slopes - SLOPE_STEEP_E" classname="PartialPixelTest - Steep slopes - SLOPE_STEEP_E" time="0.0265564" status="run">
		<properties/>
		<system-out>Filters: PartialPixelTest - Steep slopes - SLOPE_STEEP_E
===============================================================================
All tests passed (1 assertion in 1 test case)

</system-out>
	</testcase>
	<testcase name="PartialPixelTest - Steep slopes - SLOPE_STEEP_S" classname="PartialPixelTest - Steep slopes - SLOPE_STEEP_S" time="0.0265253" status="run">
		<properties/>
		<system-out>Filters: PartialPixelTest - Steep slopes - SLOPE_STEEP_S
===============================================================================
All tests passed (1 assertion in 1 test case)

</system-out>
	</testcase>
	<testcase name="PartialPixelTest - Steep slopes - SLOPE_STEEP_W" classname="PartialPixelTest - Steep slopes - SLOPE_STEEP_W" time="0.0276829" status="run">
		<properties/>
		<system-out>Filters: PartialPixelTest - Steep slopes - SLOPE_STEEP_W
===============================================================================
All tests passed (1 assertion in 1 test case)

</system-out>
	</testcase>
	<testcase name="PartialPixelTest - Half tile on top of steep slopes - SLOPE_STEEP/Corner::N" classname="PartialPixelTest - Half tile on top of steep slopes - SLOPE_STEEP/Corner::N" time="0.0275522" status="run">
		<properties/>
		<system-out>Filters: PartialPixelTest - Half tile on top of steep slopes - SLOPE_STEEP/Corner::N
===============================================================================
All tests passed (1 assertion in 1 test case)

</system-out>
	</testcase>
	<testcase name="PartialPixelTest - Half tile on top of steep slopes - SLOPE_STEEP/Corner::E" classname="PartialPixelTest - Half tile on top of steep slopes - SLOPE_STEEP/Corner::E" time="0.0266643" status="run">
		<properties/>
		<system-out>Filters: PartialPixelTest - Half tile on top of steep slopes - SLOPE_STEEP/Corner::E
===============================================================================
All tests passed (1 assertion in 1 test case)

</system-out>
	</testcase>
	<testcase name="PartialPixelTest - Half tile on top of steep slopes - SLOPE_STEEP/Corner::S" classname="PartialPixelTest - Half tile on top of steep slopes - SLOPE_STEEP/Corner::S" time="0.0257164" status="run">
		<properties/>
		<system-out>Filters: PartialPixelTest - Half tile on top of steep slopes - SLOPE_STEEP/Corner::S
===============================================================================
All tests passed (1 assertion in 1 test case)

</system-out>
	</testcase>
	<testcase name="PartialPixelTest - Half tile on top of steep slopes - SLOPE_STEEP/Corner::W" classname="PartialPixelTest - Half tile on top of steep slopes - SLOPE_STEEP/Corner::W" time="0.0277533" status="run">
		<properties/>
		<system-out>Filters: PartialPixelTest - Half tile on top of steep slopes - SLOPE_STEEP/Corner::W
===============================================================================
All tests passed (1 assertion in 1 test case)

</system-out>
	</testcase>
	<testcase name="DivideApproxTest - Negative" classname="DivideApproxTest - Negative" time="0.0260188" status="run">
		<properties/>
		<system-out>Filters: DivideApproxTest - Negative
===============================================================================
All tests passed (3 assertions in 1 test case)

</system-out>
	</testcase>
	<testcase name="DivideApproxTest, Divide" classname="DivideApproxTest, Divide" time="0.0256238" status="run">
		<properties/>
		<system-out>Filters: DivideApproxTest\, Divide
===============================================================================
All tests passed (4 assertions in 1 test case)

</system-out>
	</testcase>
	<testcase name="IntSqrtTest - Zero" classname="IntSqrtTest - Zero" time="0.0257917" status="run">
		<properties/>
		<system-out>Filters: IntSqrtTest - Zero
===============================================================================
All tests passed (1 assertion in 1 test case)

</system-out>
	</testcase>
	<testcase name="IntSqrtTest - FindSqRt" classname="IntSqrtTest - FindSqRt" time="0.0266429" status="run">
		<properties/>
		<system-out>Filters: IntSqrtTest - FindSqRt
===============================================================================
All tests passed (4 assertions in 1 test case)

</system-out>
	</testcase>
	<testcase name="ClampTo" classname="ClampTo" time="0.0327668" status="run">
		<properties/>
		<system-out>Filters: ClampTo
===============================================================================
All tests passed (27 assertions in 1 test case)

</system-out>
	</testcase>
	<testcase name="SoftClamp" classname="SoftClamp" time="0.0277534" status="run">
		<properties/>
		<system-out>Filters: SoftClamp
===============================================================================
All tests passed (3 assertions in 1 test case)

</system-out>
	</testcase>
	<testcase name="StringBuilder - basic" classname="StringBuilder - basic" time="0.0286487" status="run">
		<properties/>
		<system-out>Filters: StringBuilder - basic
===============================================================================
All tests passed (7 assertions in 1 test case)

</system-out>
	</testcase>
	<testcase name="StringBuilder - binary" classname="StringBuilder - binary" time="0.0288627" status="run">
		<properties/>
		<system-out>Filters: StringBuilder - binary
===============================================================================
All tests passed (1 assertion in 1 test case)

</system-out>
	</testcase>
	<testcase name="StringBuilder - text" classname="StringBuilder - text" time="0.0268934" status="run">
		<properties/>
		<system-out>Filters: StringBuilder - text
===============================================================================
All tests passed (1 assertion in 1 test case)

</system-out>
	</testcase>
	<testcase name="StringConsumer - basic" classname="StringConsumer - basic" time="0.0278934" status="run">
		<properties/>
		<system-out>[2026-07-30 03:00:15] dbg: [misc:0] Source buffer too short: 1 &gt; 0
Filters: StringConsumer - basic
===============================================================================
All tests passed (28 assertions in 1 test case)

</system-out>
	</testcase>
	<testcase name="StringConsumer - binary8" classname="StringConsumer - binary8" time="0.0301909" status="run">
		<properties/>
		<system-out>[2026-07-30 03:00:15] dbg: [misc:0] Source buffer too short: 1 &gt; 0
[2026-07-30 03:00:15] dbg: [misc:0] Source buffer too short: 1 &gt; 0
[2026-07-30 03:00:15] dbg: [misc:0] Source buffer too short: 1 &gt; 0
[2026-07-30 03:00:15] dbg: [misc:0] Source buffer too short: 1 &gt; 0
Filters: StringConsumer - binary8
===============================================================================
All tests passed (21 assertions in 1 test case)

</system-out>
	</testcase>
	<testcase name="StringConsumer - binary16" classname="StringConsumer - binary16" time="0.0277945" status="run">
		<properties/>
		<system-out>[2026-07-30 03:00:15] dbg: [misc:0] Source buffer too short: 2 &gt; 0
[2026-07-30 03:00:15] dbg: [misc:0] Source buffer too short: 2 &gt; 0
[2026-07-30 03:00:15] dbg: [misc:0] Source buffer too short: 2 &gt; 0
Filters: StringConsumer - binary16
===============================================================================
All tests passed (12 assertions in 1 test case)

</system-out>
	</testcase>
	<testcase name="StringConsumer - binary32" classname="StringConsumer - binary32" time="0.0284447" status="run">
		<properties/>
		<system-out>[2026-07-30 03:00:15] dbg: [misc:0] Source buffer too short: 4 &gt; 0
[2026-07-30 03:00:15] dbg: [misc:0] Source buffer too short: 4 &gt; 0
[2026-07-30 03:00:15] dbg: [misc:0] Source buffer too short: 4 &gt; 0
Filters: StringConsumer - binary32
===============================================================================
All tests passed (12 assertions in 1 test case)

</system-out>
	</testcase>
	<testcase name="StringConsumer - binary64" classname="StringConsumer - binary64" time="0.0274976" status="run">
		<properties/>
		<system-out>[2026-07-30 03:00:15] dbg: [misc:0] Source buffer too short: 8 &gt; 0
[2026-07-30 03:00:15] dbg: [misc:0] Source buffer too short: 8 &gt; 0
[2026-07-30 03:00:15] dbg: [misc:0] Source buffer too short: 8 &gt; 0
Filters: StringConsumer - binary64
===============================================================================
All tests passed (12 assertions in 1 test case)

</system-out>
	</testcase>
	<testcase name="StringConsumer - utf8" classname="StringConsumer - utf8" time="0.0279747" status="run">
		<properties/>
		<system-out>[2026-07-30 03:00:15] dbg: [misc:0] Source buffer too short: 1 &gt; 0
Filters: StringConsumer - utf8
===============================================================================
All tests passed (13 assertions in 1 test case)

</system-out>
	</testcase>
	<testcase name="StringConsumer - conditions" classname="StringConsumer - conditions" time="0.0282056" status="run">
		<properties/>
		<system-out>[2026-07-30 03:00:15] dbg: [misc:0] Source buffer too short: 2 &gt; 0
Filters: StringConsumer - conditions
===============================================================================
All tests passed (58 assertions in 1 test case)

</system-out>
	</testcase>
	<testcase name="StringConsumer - ascii" classname="StringConsumer - ascii" time="0.0273747" status="run">
		<properties/>
		<system-out>Filters: StringConsumer - ascii
===============================================================================
All tests passed (27 assertions in 1 test case)

</system-out>
	</testcase>
	<testcase name="StringConsumer - parse int" classname="StringConsumer - parse int" time="0.0272201" status="run">
		<properties/>
		<system-out>[2026-07-30 03:00:15] dbg: [misc:0] Cannot parse integer: ''+'-2 -'
[2026-07-30 03:00:15] dbg: [misc:0] Integer out of range: 'ffffFFFF'+' fff'
[2026-07-30 03:00:15] dbg: [misc:0] Cannot parse integer: ''+'-1aa'
[2026-07-30 03:00:15] dbg: [misc:0] Integer out of range: '1234567890123'+' 123'
[2026-07-30 03:00:15] dbg: [misc:0] Integer out of range: '1234567890123'+' 123'
[2026-07-30 03:00:15] dbg: [misc:0] Integer out of range: 'ffffFFFFffffFFFE'+' fff'
[2026-07-30 03:00:15] dbg: [misc:0] Integer out of range: 'ffffFFFFffffFFFE'+' fff'
[2026-07-30 03:00:15] dbg: [misc:0] Integer out of range: 'ffffFFFFffffFFFE'+' fff'
[2026-07-30 03:00:15] dbg: [misc:0] Cannot parse integer: ''+' '
[2026-07-30 03:00:15] dbg: [misc:0] Cannot parse integer: ''+' '
[2026-07-30 03:00:15] dbg: [misc:0] Cannot parse integer: ''+' '
[2026-07-30 03:00:15] dbg: [misc:0] Cannot parse integer: ''+' '
[2026-07-30 03:00:15] dbg: [misc:0] Cannot parse integer: ''+' '
[2026-07-30 03:00:15] dbg: [misc:0] Cannot parse integer: ''+' '
[2026-07...
[This part of the test output was removed since it exceeds the threshold of 1024 bytes.]
</system-out>
	</testcase>
	<testcase name="StringConsumer - invalid int" classname="StringConsumer - invalid int" time="0.0261388" status="run">
		<properties/>
		<system-out>Filters: StringConsumer - invalid int
===============================================================================
All tests passed (36 assertions in 1 test case)

</system-out>
	</testcase>
	<testcase name="StringConsumer - most negative" classname="StringConsumer - most negative" time="0.026047" status="run">
		<properties/>
		<system-out>Filters: StringConsumer - most negative
===============================================================================
All tests passed (19 assertions in 1 test case)

</system-out>
	</testcase>
	<testcase name="InPlaceReplacement" classname="InPlaceReplacement" time="0.0260738" status="run">
		<properties/>
		<system-out>Filters: InPlaceReplacement
===============================================================================
All tests passed (26 assertions in 1 test case)

</system-out>
	</testcase>
	<testcase name="StrCompareIgnoreCase - std::string" classname="StrCompareIgnoreCase - std::string" time="0.0258425" status="run">
		<properties/>
		<system-out>Filters: StrCompareIgnoreCase - std::string
===============================================================================
All tests passed (15 assertions in 1 test case)

</system-out>
	</testcase>
	<testcase name="StrCompareIgnoreCase - std::string_view" classname="StrCompareIgnoreCase - std::string_view" time="0.0263203" status="run">
		<properties/>
		<system-out>Filters: StrCompareIgnoreCase - std::string_view
===============================================================================
All tests passed (15 assertions in 1 test case)

</system-out>
	</testcase>
	<testcase name="StrEqualsIgnoreCase - std::string" classname="StrEqualsIgnoreCase - std::string" time="0.0327328" status="run">
		<properties/>
		<system-out>Filters: StrEqualsIgnoreCase - std::string
===============================================================================
All tests passed (11 assertions in 1 test case)

</system-out>
	</testcase>
	<testcase name="StrEqualsIgnoreCase - std::string_view" classname="StrEqualsIgnoreCase - std::string_view" time="0.0275987" status="run">
		<properties/>
		<system-out>Filters: StrEqualsIgnoreCase - std::string_view
===============================================================================
All tests passed (11 assertions in 1 test case)

</system-out>
	</testcase>
	<testcase name="StrStartsWithIgnoreCase - std::string" classname="StrStartsWithIgnoreCase - std::string" time="0.0272877" status="run">
		<properties/>
		<system-out>Filters: StrStartsWithIgnoreCase - std::string
===============================================================================
All tests passed (14 assertions in 1 test case)

</system-out>
	</testcase>
	<testcase name="StrStartsWithIgnoreCase - std::string_view" classname="StrStartsWithIgnoreCase - std::string_view" time="0.0281766" status="run">
		<properties/>
		<system-out>Filters: StrStartsWithIgnoreCase - std::string_view
===============================================================================
All tests passed (14 assertions in 1 test case)

</system-out>
	</testcase>
	<testcase name="StrEndsWithIgnoreCase - std::string" classname="StrEndsWithIgnoreCase - std::string" time="0.0259498" status="run">
		<properties/>
		<system-out>Filters: StrEndsWithIgnoreCase - std::string
===============================================================================
All tests passed (14 assertions in 1 test case)

</system-out>
	</testcase>
	<testcase name="StrEndsWithIgnoreCase - std::string_view" classname="StrEndsWithIgnoreCase - std::string_view" time="0.0261373" status="run">
		<properties/>
		<system-out>Filters: StrEndsWithIgnoreCase - std::string_view
===============================================================================
All tests passed (14 assertions in 1 test case)

</system-out>
	</testcase>
	<testcase name="FormatArrayAsHex" classname="FormatArrayAsHex" time="0.0271516" status="run">
		<properties/>
		<system-out>Filters: FormatArrayAsHex
===============================================================================
All tests passed (3 assertions in 1 test case)

</system-out>
	</testcase>
	<testcase name="ConvertHexToBytes" classname="ConvertHexToBytes" time="0.0278555" status="run">
		<properties/>
		<system-out>Filters: ConvertHexToBytes
===============================================================================
All tests passed (31 assertions in 1 test case)

</system-out>
	</testcase>
	<testcase name="StrTrimInPlace" classname="StrTrimInPlace" time="0.0278648" status="run">
		<properties/>
		<system-out>Filters: StrTrimInPlace
===============================================================================
All tests passed (7 assertions in 1 test case)

</system-out>
	</testcase>
	<testcase name="StrTrimView" classname="StrTrimView" time="0.0266273" status="run">
		<properties/>
		<system-out>Filters: StrTrimView
===============================================================================
All tests passed (7 assertions in 1 test case)

</system-out>
	</testcase>
	<testcase name="FixSCCEncoded" classname="FixSCCEncoded" time="0.0276732" status="run">
		<properties/>
		<system-out>Filters: FixSCCEncoded
===============================================================================
All tests passed (11 assertions in 1 test case)

</system-out>
	</testcase>
	<testcase name="FixSCCEncodedNegative" classname="FixSCCEncodedNegative" time="0.0276761" status="run">
		<properties/>
		<system-out>Filters: FixSCCEncodedNegative
===============================================================================
All tests passed (3 assertions in 1 test case)

</system-out>
	</testcase>
	<testcase name="EncodedString::ReplaceParam - positive" classname="EncodedString::ReplaceParam - positive" time="0.0273683" status="run">
		<properties/>
		<system-out>Filters: EncodedString::ReplaceParam - positive
===============================================================================
All tests passed (2 assertions in 1 test case)

</system-out>
	</testcase>
	<testcase name="EncodedString::ReplaceParam - negative" classname="EncodedString::ReplaceParam - negative" time="0.0263325" status="run">
		<properties/>
		<system-out>Filters: EncodedString::ReplaceParam - negative
===============================================================================
All tests passed (3 assertions in 1 test case)

</system-out>
	</testcase>
	<testcase name="Authentication_KeyExchangeOnly" classname="Authentication_KeyExchangeOnly" time="0.0286481" status="run">
		<properties/>
		<system-out>Filters: Authentication_KeyExchangeOnly
===============================================================================
All tests passed (4 assertions in 1 test case)

</system-out>
	</testcase>
	<testcase name="Authentication_PAKE" classname="Authentication_PAKE" time="0.027526" status="run">
		<properties/>
		<system-out>Filters: Authentication_PAKE
===============================================================================
All tests passed (12 assertions in 1 test case)

</system-out>
	</testcase>
	<testcase name="Authentication_AuthorizedKey" classname="Authentication_AuthorizedKey" time="0.0299086" status="run">
		<properties/>
		<system-out>Filters: Authentication_AuthorizedKey
===============================================================================
All tests passed (8 assertions in 1 test case)

</system-out>
	</testcase>
	<testcase name="Authentication_Combined" classname="Authentication_Combined" time="0.0345622" status="run">
		<properties/>
		<system-out>Filters: Authentication_Combined
===============================================================================
All tests passed (32 assertions in 1 test case)

</system-out>
	</testcase>
	<testcase name="Encryption handling" classname="Encryption handling" time="0.027977" status="run">
		<properties/>
		<system-out>Filters: Encryption handling
===============================================================================
All tests passed (61 assertions in 1 test case)

</system-out>
	</testcase>
	<testcase name="Squirrel -&gt; JSON conversion" classname="Squirrel -&gt; JSON conversion" time="0.0283786" status="run">
		<properties/>
		<system-out>Filters: Squirrel -&gt; JSON conversion
===============================================================================
All tests passed (60 assertions in 1 test case)

</system-out>
	</testcase>
	<testcase name="JSON -&gt; Squirrel conversion" classname="JSON -&gt; Squirrel conversion" time="0.0277943" status="run">
		<properties/>
		<system-out>Filters: JSON -&gt; Squirrel conversion
===============================================================================
All tests passed (55 assertions in 1 test case)

</system-out>
	</testcase>
	<testcase name="WindowDesc - ini_key uniqueness" classname="WindowDesc - ini_key uniqueness" time="0.025772" status="run">
		<properties/>
		<system-out>Filters: WindowDesc - ini_key uniqueness
===============================================================================
All tests passed (107 assertions in 1 test case)

</system-out>
	</testcase>
	<testcase name="WindowDesc - ini_key validity" classname="WindowDesc - ini_key validity" time="0.0271249" status="run">
		<properties/>
		<system-out>Filters: WindowDesc - ini_key validity
===============================================================================
All tests passed (163 assertions in 1 test case)

</system-out>
	</testcase>
	<testcase name="WindowDesc - NWidgetParts properly closed" classname="WindowDesc - NWidgetParts properly closed" time="0.0277764" status="run">
		<properties/>
		<system-out>Filters: WindowDesc - NWidgetParts properly closed
===============================================================================
All tests passed (163 assertions in 1 test case)

</system-out>
	</testcase>
	<testcase name="WindowDesc - NWidgetPart validity" classname="WindowDesc - NWidgetPart validity" time="0.0293561" status="run">
		<properties/>
		<system-out>Filters: WindowDesc - NWidgetPart validity
===============================================================================
All tests passed (326 assertions in 1 test case)

</system-out>
	</testcase>
	<testcase name="SpiralTileSequence - minimum" classname="SpiralTileSequence - minimum" time="0.0258994" status="run">
		<properties/>
		<system-out>Filters: SpiralTileSequence - minimum
===============================================================================
All tests passed (12 assertions in 1 test case)

</system-out>
	</testcase>
	<testcase name="SpiralTileSequence - odd" classname="SpiralTileSequence - odd" time="0.0246543" status="run">
		<properties/>
		<system-out>Filters: SpiralTileSequence - odd
===============================================================================
All tests passed (33 assertions in 1 test case)

</system-out>
	</testcase>
	<testcase name="SpiralTileSequence - even" classname="SpiralTileSequence - even" time="0.0241581" status="run">
		<properties/>
		<system-out>Filters: SpiralTileSequence - even
===============================================================================
All tests passed (102 assertions in 1 test case)

</system-out>
	</testcase>
	<testcase name="SpiralTileSequence - zero hole" classname="SpiralTileSequence - zero hole" time="0.0260446" status="run">
		<properties/>
		<system-out>Filters: SpiralTileSequence - zero hole
===============================================================================
All tests passed (49 assertions in 1 test case)

</system-out>
	</testcase>
	<testcase name="SpiralTileSequence - normal hole" classname="SpiralTileSequence - normal hole" time="0.0258115" status="run">
		<properties/>
		<system-out>Filters: SpiralTileSequence - normal hole
===============================================================================
All tests passed (21 assertions in 1 test case)

</system-out>
	</testcase>
	<testcase name="Utf8View - empty" classname="Utf8View - empty" time="0.0242189" status="run">
		<properties/>
		<system-out>Filters: Utf8View - empty
===============================================================================
All tests passed (2 assertions in 1 test case)

</system-out>
	</testcase>
	<testcase name="Utf8View - invalid" classname="Utf8View - invalid" time="0.024774" status="run">
		<properties/>
		<system-out>Filters: Utf8View - invalid
===============================================================================
All tests passed (42 assertions in 1 test case)

</system-out>
	</testcase>
	<testcase name="Utf8View - iterate" classname="Utf8View - iterate" time="0.0264269" status="run">
		<properties/>
		<system-out>Filters: Utf8View - iterate
===============================================================================
All tests passed (50 assertions in 1 test case)

</system-out>
	</testcase>
	<testcase name="regression_regression" classname="regression_regression" time="1.05318" status="run">
		<properties/>
		<system-out></system-out>
	</testcase>
	<testcase name="regression_stationlist" classname="regression_stationlist" time="0.892751" status="run">
		<properties/>
		<system-out></system-out>
	</testcase>
	<testcase name="regression_gs" classname="regression_gs" time="0.337706" status="run">
		<properties/>
		<system-out></system-out>
	</testcase>
	<testcase name="regression_gs_compat" classname="regression_gs_compat" time="0.334355" status="run">
		<properties/>
		<system-out></system-out>
	</testcase>
</testsuite>
